[2026-02-28 19:48:58] [SYSTEM] Autopilot engine started
[2026-02-28 19:52:37] [SYSTEM] Autopilot engine started
[2026-02-28 19:52:37] [BRIEFING] Generating daily briefing
[2026-02-28 19:52:39] [EMAIL_SENT] Sent: Daily Briefing - 2026-02-28
[2026-02-28 20:12:38] [SYSTEM] Autopilot engine started
[2026-02-28 20:25:07] [SYSTEM] Autopilot engine started
[2026-02-28 20:25:07] [HEALTH_ALERT] [Brendananis Monster] Brendananis Monster health: 51.5/100, 999 days since contact
[2026-02-28 20:27:56] [QUEUE_ADD] [Brendananis Monster] Check-in queued for Brendananis Monster
[2026-02-28 20:27:56] [HEALTH_ALERT] [Jerry Mane] Jerry Mane health: 59.0/100, 999 days since contact
[2026-02-28 20:30:38] [QUEUE_ADD] [Jerry Mane] Check-in queued for Jerry Mane
[2026-02-28 21:23:37] [SYSTEM] Autopilot engine started
[2026-02-28 21:23:37] [BRIEFING] Generating daily briefing
[2026-02-28 21:23:39] [EMAIL_SENT] Sent: Daily Briefing - 2026-02-28
[2026-02-28 21:23:39] [BRIEFING] Saved to data/briefings/briefing_2026-02-28.txt
[2026-02-28 21:26:58] [SYSTEM] Autopilot engine started
[2026-02-28 21:26:58] [BRIEFING] Generating daily briefing
[2026-02-28 21:26:59] [EMAIL_SENT] Sent: Daily Briefing - 2026-02-28
[2026-02-28 21:26:59] [BRIEFING] Saved to data/briefings/briefing_2026-02-28.txt
[2026-02-28 21:30:25] [SYSTEM] Autopilot engine started
[2026-02-28 21:30:25] [BRIEFING] Generating daily briefing
[2026-02-28 21:30:26] [EMAIL_SENT] Sent: Daily Briefing - 2026-02-28
[2026-02-28 21:30:26] [BRIEFING] Saved to data/briefings/briefing_2026-02-28.txt
